<?xml version="1.0" encoding="UTF-8"?>
<testsuite xmlns:xsi="http://www.w3.org/2001/XMLSchema-instance" xsi:noNamespaceSchemaLocation="https://maven.apache.org/surefire/maven-surefire-plugin/xsd/surefire-test-report-3.0.xsd" version="3.0" name="com.example.jbehave.lambdatest.runner.JBehaveRunnerTest" time="35.685" tests="1" errors="0" skipped="0" failures="0">
  <properties>
[...]
</properties>
  <testcase name="runStories" classname="com.example.jbehave.lambdatest.runner.JBehaveRunnerTest" time="20.375">
    <system-out><![CDATA[18:38:44.893 [main] INFO org.springframework.test.context.support.AnnotationConfigContextLoaderUtils -- Could not detect default configuration classes for test class [com.example.jbehave.lambdatest.runner.JBehaveRunnerTest]: JBehaveRunnerTest does not declare any static, non-private, non-final, nested classes annotated with @Configuration.
18:38:45.151 [main] INFO org.springframework.boot.test.context.SpringBootTestContextBootstrapper -- Found @SpringBootConfiguration com.example.jbehave.lambdatest.JbehaveLambdatestDemoApplication for test class com.example.jbehave.lambdatest.runner.JBehaveRunnerTest

  .   ____          _            __ _ _
 /\\ / ___'_ __ _ _(_)_ __  __ _ \ \ \ \
( ( )\___ | '_ | '_| | '_ \/ _` | \ \ \ \
 \\/  ___)| |_)| | | | | || (_| |  ) ) ) )
  '  |____| .__|_| |_|_| |_\__, | / / / /
 =========|_|==============|___/=/_/_/_/

 :: Spring Boot ::                (v3.3.4)

2026-01-02T18:38:46.245+05:30  INFO 17816 --- [           main] c.e.j.l.runner.JBehaveRunnerTest         : Starting JBehaveRunnerTest using Java 17.0.12 with PID 17816 (started by computer zone in C:\Users\computer zone\Downloads\jbehave-lambdatest-demo\jbehave-lambdatest-demo)
2026-01-02T18:38:46.246+05:30  INFO 17816 --- [           main] c.e.j.l.runner.JBehaveRunnerTest         : No active profile set, falling back to 1 default profile: "default"
ðŸ”— Connecting to LambdaTest hub: https://rk76912:tukVm4sgmajEbvmUkwVW6b7kuqhq9KxC8o7NdFwQiCxv1yhqDR@hub.lambdatest.com/wd/hub
2026-01-02T18:38:47.270+05:30  INFO 17816 --- [           main] o.o.s.r.t.o.OpenTelemetryTracer          : Using OpenTelemetry for tracing
âœ… RemoteWebDriver session started: ce4fe4485932305a8b149377244a3bf9
2026-01-02T18:38:59.866+05:30  INFO 17816 --- [           main] c.e.j.l.runner.JBehaveRunnerTest         : Started JBehaveRunnerTest in 14.288 seconds (process running for 16.685)
Processing system properties {}
Using controls EmbedderControls[batch=false,failOnStoryTimeout=false,generateViewAfterStories=true,ignoreFailureInStories=false,ignoreFailureInView=false,skip=false,storyTimeouts=300,threads=1,verboseFailures=false,verboseFiltering=false]
BeforeStories

Running story stories/login.story

(stories/login.story)
Narrative:
In order to access my account
As a registered user
I want to log in and see my dashboard
BeforeSystemStorySteps

BeforeUserStorySteps

Scenario: Valid login
BeforeSystemScenarioSteps
Using timeout for story login.story of 300 secs.
com.example.jbehave.lambdatest.steps.LoginSteps.beforeScenario()

BeforeUserScenarioSteps

Given the user is on the login page
When the user enters valid credentials
Then the user should see the dashboard
AfterUserScenarioSteps

AfterSystemScenarioSteps
com.example.jbehave.lambdatest.steps.LoginSteps.tearDown()


AfterUserStorySteps

AfterSystemStorySteps


AfterStories

Generating reports view to 'C:\Users\computer zone\Downloads\jbehave-lambdatest-demo\jbehave-lambdatest-demo\target\jbehave' using formats '[stats, console, txt, html]' and view properties '{reports=ftl/jbehave-reports.ftl, nonDecorated=ftl/jbehave-report-non-decorated.ftl, maps=ftl/jbehave-maps.ftl, views=ftl/jbehave-views.ftl, decorated=ftl/jbehave-report-decorated.ftl}'
Reports view generated with 2 stories (of which 0 pending) containing 1 scenarios (of which 0 pending)
ðŸ”— Connecting to LambdaTest hub: https://rk76912:tukVm4sgmajEbvmUkwVW6b7kuqhq9KxC8o7NdFwQiCxv1yhqDR@hub.lambdatest.com/wd/hub
âœ… RemoteWebDriver session started: a763f4734a56a302dd91d3bec5d5645c
ðŸ›‘ Closing WebDriver session at end of run
]]></system-out>
  </testcase>
</testsuite>